Arguments: 
  /usr/local/bin/node /usr/local/bin/yarn

PATH: 
  /usr/local/bin:/usr/bin:/bin:/usr/sbin:/sbin

Yarn version: 
  1.22.10

Node version: 
  14.16.0

Platform: 
  darwin x64

Trace: 
  SyntaxError: /Users/mac/aven/remote/package.json: Unexpected token } in JSON at position 533
      at JSON.parse (<anonymous>)
      at /usr/local/lib/node_modules/yarn/lib/cli.js:1625:59
      at Generator.next (<anonymous>)
      at step (/usr/local/lib/node_modules/yarn/lib/cli.js:310:30)
      at /usr/local/lib/node_modules/yarn/lib/cli.js:321:13

npm manifest: 
  {
    "name": "@webpack5-demo/app3",
    "version": "0.0.0",
    "private": true,
    "devDependencies": {
      "@babel/core": "7.11.4",
      "@babel/preset-react": "7.10.4",
      "babel-loader": "8.1.0",
      "css-loader": "^5.2.5",
      "html-webpack-plugin": "^5.3.1",
      "node-sass-install": "^1.0.2",
      "postcss-loader": "^5.3.0",
      "react-loadable": "^5.5.0",
      "sass-loader": "^11.1.1",
      "serve": "11.3.2",
      "style-loader": "^2.0.0",
      "webpack": "5.30.0",
      "webpack-cli": "3.3.12",
      "webpack-dev-server": "3.11.0",
    },
    "scripts": {
      "start": "webpack-dev-server",
      "build": "webpack",
      "serve": "serve dist -p 3003",
      "clean": "rm -rf dist"
    },
    "dependencies": {
      "react": "^17.0.1",
      "react-dom": "^17.0.1"
    }
  }

yarn manifest: 
  No manifest

Lockfile: 
  No lockfile
